<?xml version="1.0" encoding="UTF-8"?>
<!-- Generated by org.testng.reporters.JUnitReportReporter -->
<testsuite skipped="0" hostname="admin-PC" name="test.TestFb" tests="2" failures="0" timestamp="06 Sep 2018 03:37:53 GMT" time="79.543" errors="0">
  <testcase name="facebookTest" time="31.416" classname="test.TestFb"/>
  <testcase name="facebookTest" time="48.127" classname="test.TestFb"/>
</testsuite> <!-- test.TestFb -->
